# JRE version: OpenJDK Runtime Environment Microsoft-8035246 (17.0.8+7) (build 17.0.8+7-LTS)
# Java VM: OpenJDK 64-Bit Server VM Microsoft-8035246 (17.0.8+7-LTS, mixed mode, sharing, tiered, compressed oops, compressed class ptrs, g1 gc, windows-amd64)
GC Precious Log:
 CPUs: 8 total, 8 available
 Memory: 10178M
 Large Page Support: Disabled
 NUMA Support: Disabled
 Compressed Oops: Enabled (32-bit)
 Heap Region Size: 1M
 Heap Min Capacity: 8M
 Heap Initial Capacity: 160M
 Heap Max Capacity: 2G
 Pre-touch: Disabled
 Parallel Workers: 8
 Concurrent Workers: 2
 Concurrent Refinement Workers: 8
 Periodic GC: Disabled
Heap:
 garbage-first heap   total 358400K, used 264611K [0x0000000080000000, 0x0000000100000000)
  region size 1024K, 46 young (47104K), 10 survivors (10240K)
 Metaspace       used 112163K, committed 113408K, reserved 557056K
  class space    used 15496K, committed 16064K, reserved 425984K
GC Heap History (20 events):
Event: 56.053 GC heap before
{Heap before GC invocations=55 (full 0):
 garbage-first heap   total 245760K, used 208804K [0x0000000080000000, 0x0000000100000000)
  region size 1024K, 33 young (33792K), 5 survivors (5120K)
 Metaspace       used 104186K, committed 105280K, reserved 557056K
  class space    used 14606K, committed 15104K, reserved 425984K
}
Event: 56.063 GC heap after
{Heap after GC invocations=56 (full 0):
 garbage-first heap   total 245760K, used 185800K [0x0000000080000000, 0x0000000100000000)
  region size 1024K, 5 young (5120K), 5 survivors (5120K)
 Metaspace       used 104186K, committed 105280K, reserved 557056K
  class space    used 14606K, committed 15104K, reserved 425984K
}
Event: 56.759 GC heap before
{Heap before GC invocations=56 (full 0):
 garbage-first heap   total 245760K, used 210376K [0x0000000080000000, 0x0000000100000000)
  region size 1024K, 28 young (28672K), 5 survivors (5120K)
 Metaspace       used 104512K, committed 105600K, reserved 557056K
  class space    used 14638K, committed 15104K, reserved 425984K
}
Event: 56.770 GC heap after
{Heap after GC invocations=57 (full 0):
 garbage-first heap   total 245760K, used 190464K [0x0000000080000000, 0x0000000100000000)
  region size 1024K, 4 young (4096K), 4 survivors (4096K)
 Metaspace       used 104512K, committed 105600K, reserved 557056K
  class space    used 14638K, committed 15104K, reserved 425984K
}
Event: 57.082 GC heap before
{Heap before GC invocations=57 (full 0):
 garbage-first heap   total 245760K, used 210944K [0x0000000080000000, 0x0000000100000000)
  region size 1024K, 24 young (24576K), 4 survivors (4096K)
 Metaspace       used 104600K, committed 105728K, reserved 557056K
  class space    used 14649K, committed 15168K, reserved 425984K
}
Event: 57.090 GC heap after
{Heap after GC invocations=58 (full 0):
 garbage-first heap   total 245760K, used 196223K [0x0000000080000000, 0x0000000100000000)
  region size 1024K, 3 young (3072K), 3 survivors (3072K)
 Metaspace       used 104600K, committed 105728K, reserved 557056K
  class space    used 14649K, committed 15168K, reserved 425984K
}
Event: 57.463 GC heap before
{Heap before GC invocations=58 (full 0):
 garbage-first heap   total 245760K, used 210559K [0x0000000080000000, 0x0000000100000000)
  region size 1024K, 18 young (18432K), 3 survivors (3072K)
 Metaspace       used 104794K, committed 105920K, reserved 557056K
  class space    used 14671K, committed 15168K, reserved 425984K
}
Event: 57.469 GC heap after
{Heap after GC invocations=59 (full 0):
 garbage-first heap   total 245760K, used 199811K [0x0000000080000000, 0x0000000100000000)
  region size 1024K, 3 young (3072K), 3 survivors (3072K)
 Metaspace       used 104794K, committed 105920K, reserved 557056K
  class space    used 14671K, committed 15168K, reserved 425984K
}
Event: 57.819 GC heap before
{Heap before GC invocations=59 (full 0):
 garbage-first heap   total 245760K, used 212099K [0x0000000080000000, 0x0000000100000000)
  region size 1024K, 15 young (15360K), 3 survivors (3072K)
 Metaspace       used 105015K, committed 106176K, reserved 557056K
  class space    used 14697K, committed 15232K, reserved 425984K
}
Event: 57.827 GC heap after
{Heap after GC invocations=60 (full 0):
 garbage-first heap   total 245760K, used 203049K [0x0000000080000000, 0x0000000100000000)
  region size 1024K, 2 young (2048K), 2 survivors (2048K)
 Metaspace       used 105015K, committed 106176K, reserved 557056K
  class space    used 14697K, committed 15232K, reserved 425984K
}
Event: 58.123 GC heap before
{Heap before GC invocations=60 (full 0):
 garbage-first heap   total 245760K, used 213289K [0x0000000080000000, 0x0000000100000000)
  region size 1024K, 12 young (12288K), 2 survivors (2048K)
 Metaspace       used 105119K, committed 106304K, reserved 557056K
  class space    used 14704K, committed 15232K, reserved 425984K
}
Event: 58.130 GC heap after
{Heap after GC invocations=61 (full 0):
 garbage-first heap   total 294912K, used 205057K [0x0000000080000000, 0x0000000100000000)
  region size 1024K, 2 young (2048K), 2 survivors (2048K)
 Metaspace       used 105119K, committed 106304K, reserved 557056K
  class space    used 14704K, committed 15232K, reserved 425984K
}
Event: 59.103 GC heap before
{Heap before GC invocations=62 (full 0):
 garbage-first heap   total 358400K, used 235777K [0x0000000080000000, 0x0000000100000000)
  region size 1024K, 32 young (32768K), 2 survivors (2048K)
 Metaspace       used 107294K, committed 108544K, reserved 557056K
  class space    used 15062K, committed 15616K, reserved 425984K
}
Event: 59.109 GC heap after
{Heap after GC invocations=63 (full 0):
 garbage-first heap   total 358400K, used 206809K [0x0000000080000000, 0x0000000100000000)
  region size 1024K, 4 young (4096K), 4 survivors (4096K)
 Metaspace       used 107294K, committed 108544K, reserved 557056K
  class space    used 15062K, committed 15616K, reserved 425984K
}
Event: 59.447 GC heap before
{Heap before GC invocations=63 (full 0):
 garbage-first heap   total 358400K, used 219097K [0x0000000080000000, 0x0000000100000000)
  region size 1024K, 17 young (17408K), 4 survivors (4096K)
 Metaspace       used 108457K, committed 109696K, reserved 557056K
  class space    used 15195K, committed 15744K, reserved 425984K
}
Event: 59.456 GC heap after
{Heap after GC invocations=64 (full 0):
 garbage-first heap   total 358400K, used 204849K [0x0000000080000000, 0x0000000100000000)
  region size 1024K, 2 young (2048K), 2 survivors (2048K)
 Metaspace       used 108457K, committed 109696K, reserved 557056K
  class space    used 15195K, committed 15744K, reserved 425984K
}
Event: 61.377 GC heap before
{Heap before GC invocations=64 (full 0):
 garbage-first heap   total 358400K, used 277553K [0x0000000080000000, 0x0000000100000000)
  region size 1024K, 73 young (74752K), 2 survivors (2048K)
 Metaspace       used 110005K, committed 111168K, reserved 557056K
  class space    used 15354K, committed 15872K, reserved 425984K
}
Event: 61.393 GC heap after
{Heap after GC invocations=65 (full 0):
 garbage-first heap   total 358400K, used 214799K [0x0000000080000000, 0x0000000100000000)
  region size 1024K, 10 young (10240K), 10 survivors (10240K)
 Metaspace       used 110005K, committed 111168K, reserved 557056K
  class space    used 15354K, committed 15872K, reserved 425984K
}
Event: 62.760 GC heap before
{Heap before GC invocations=65 (full 0):
 garbage-first heap   total 358400K, used 283407K [0x0000000080000000, 0x0000000100000000)
  region size 1024K, 78 young (79872K), 10 survivors (10240K)
 Metaspace       used 110988K, committed 112192K, reserved 557056K
  class space    used 15428K, committed 16000K, reserved 425984K
}
Event: 62.784 GC heap after
{Heap after GC invocations=66 (full 0):
 garbage-first heap   total 358400K, used 224675K [0x0000000080000000, 0x0000000100000000)
  region size 1024K, 10 young (10240K), 10 survivors (10240K)
 Metaspace       used 110988K, committed 112192K, reserved 557056K
  class space    used 15428K, committed 16000K, reserved 425984K
}

